2026-03-22T09:34:08.996+05:30  INFO 46889 --- [auth-service] [main] c.m.a.AuthServiceApplicationTests        : Starting AuthServiceApplicationTests using Java 17.0.9 with PID 46889 (started by ashitosh in /Users/ashitosh/Projects/live-queue-system/auth-service)
2026-03-22T09:34:09.000+05:30  INFO 46889 --- [auth-service] [main] c.m.a.AuthServiceApplicationTests        : No active profile set, falling back to 1 default profile: "default"
2026-03-22T09:34:09.381+05:30  INFO 46889 --- [auth-service] [main] .s.d.r.c.RepositoryConfigurationDelegate : Multiple Spring Data modules found, entering strict repository configuration mode
2026-03-22T09:34:09.382+05:30  INFO 46889 --- [auth-service] [main] .s.d.r.c.RepositoryConfigurationDelegate : Bootstrapping Spring Data Redis repositories in DEFAULT mode.
2026-03-22T09:34:09.398+05:30  INFO 46889 --- [auth-service] [main] .s.d.r.c.RepositoryConfigurationDelegate : Finished Spring Data repository scanning in 8 ms. Found 0 Redis repository interfaces.
2026-03-22T09:34:09.815+05:30  WARN 46889 --- [auth-service] [main] .s.s.UserDetailsServiceAutoConfiguration : 

Using generated security password: 2eefcd34-b788-4141-a168-8fea716c6ae4

This generated password is for development use only. Your security configuration must be updated before running your application in production.

2026-03-22T09:34:09.818+05:30  INFO 46889 --- [auth-service] [main] r$InitializeUserDetailsManagerConfigurer : Global AuthenticationManager configured with UserDetailsService bean with name inMemoryUserDetailsManager
2026-03-22T09:34:10.154+05:30  INFO 46889 --- [auth-service] [main] c.m.a.AuthServiceApplicationTests        : Started AuthServiceApplicationTests in 1.323 seconds (process running for 1.813)
2026-03-22T10:13:52.814+05:30  INFO 47724 --- [auth-service] [main] c.m.a.AuthServiceApplicationTests        : Starting AuthServiceApplicationTests using Java 17.0.9 with PID 47724 (started by ashitosh in /Users/ashitosh/Projects/live-queue-system/auth-service)
2026-03-22T10:13:52.817+05:30  INFO 47724 --- [auth-service] [main] c.m.a.AuthServiceApplicationTests        : No active profile set, falling back to 1 default profile: "default"
2026-03-22T10:13:53.160+05:30  INFO 47724 --- [auth-service] [main] .s.d.r.c.RepositoryConfigurationDelegate : Multiple Spring Data modules found, entering strict repository configuration mode
2026-03-22T10:13:53.162+05:30  INFO 47724 --- [auth-service] [main] .s.d.r.c.RepositoryConfigurationDelegate : Bootstrapping Spring Data Redis repositories in DEFAULT mode.
2026-03-22T10:13:53.177+05:30  INFO 47724 --- [auth-service] [main] .s.d.r.c.RepositoryConfigurationDelegate : Finished Spring Data repository scanning in 7 ms. Found 0 Redis repository interfaces.
2026-03-22T10:13:53.635+05:30  WARN 47724 --- [auth-service] [main] .s.s.UserDetailsServiceAutoConfiguration : 

Using generated security password: 7c2dbb61-c33c-4105-90b9-c7f47fdc4b2a

This generated password is for development use only. Your security configuration must be updated before running your application in production.

2026-03-22T10:13:53.639+05:30  INFO 47724 --- [auth-service] [main] r$InitializeUserDetailsManagerConfigurer : Global AuthenticationManager configured with UserDetailsService bean with name inMemoryUserDetailsManager
2026-03-22T10:13:53.995+05:30  INFO 47724 --- [auth-service] [main] c.m.a.AuthServiceApplicationTests        : Started AuthServiceApplicationTests in 1.355 seconds (process running for 1.836)
2026-03-22T10:29:01.497+05:30  INFO 48016 --- [auth-service] [main] c.m.a.AuthServiceApplicationTests        : Starting AuthServiceApplicationTests using Java 17.0.9 with PID 48016 (started by ashitosh in /Users/ashitosh/Projects/live-queue-system/auth-service)
2026-03-22T10:29:01.498+05:30  INFO 48016 --- [auth-service] [main] c.m.a.AuthServiceApplicationTests        : No active profile set, falling back to 1 default profile: "default"
2026-03-22T10:29:01.850+05:30  INFO 48016 --- [auth-service] [main] .s.d.r.c.RepositoryConfigurationDelegate : Multiple Spring Data modules found, entering strict repository configuration mode
2026-03-22T10:29:01.852+05:30  INFO 48016 --- [auth-service] [main] .s.d.r.c.RepositoryConfigurationDelegate : Bootstrapping Spring Data Redis repositories in DEFAULT mode.
2026-03-22T10:29:01.869+05:30  INFO 48016 --- [auth-service] [main] .s.d.r.c.RepositoryConfigurationDelegate : Finished Spring Data repository scanning in 8 ms. Found 0 Redis repository interfaces.
2026-03-22T10:29:02.321+05:30  WARN 48016 --- [auth-service] [main] .s.s.UserDetailsServiceAutoConfiguration : 

Using generated security password: 7f85799b-2807-4bd9-bde7-ac925fd948b9

This generated password is for development use only. Your security configuration must be updated before running your application in production.

2026-03-22T10:29:02.325+05:30  INFO 48016 --- [auth-service] [main] r$InitializeUserDetailsManagerConfigurer : Global AuthenticationManager configured with UserDetailsService bean with name inMemoryUserDetailsManager
2026-03-22T10:29:02.623+05:30  INFO 48016 --- [auth-service] [main] c.m.a.AuthServiceApplicationTests        : Started AuthServiceApplicationTests in 1.316 seconds (process running for 1.909)
